

times in msec
 clock   self+sourced   self:  sourced script
 clock   elapsed:              other lines

000.018  000.018: --- NVIM STARTING ---
000.222  000.204: event init
000.335  000.113: early init
000.425  000.090: locale set
000.482  000.057: init first window
000.878  000.396: inits 1
000.901  000.022: window checked
000.905  000.005: parsing arguments
001.532  000.060  000.060: require('vim.shared')
001.742  000.084  000.084: require('vim._options')
001.748  000.210  000.127: require('vim._editor')
001.753  000.337  000.067: require('vim._init_packages')
001.758  000.516: init lua interpreter
001.892  000.133: expanding arguments
001.979  000.087: inits 2
002.559  000.581: init highlight
002.572  000.012: waiting for UI
003.047  000.475: done waiting for UI
003.065  000.018: clear screen
003.274  000.210: init default mappings & autocommands
004.007  000.114  000.114: sourcing /usr/share/nvim/runtime/ftplugin.vim
004.138  000.050  000.050: sourcing /usr/share/nvim/runtime/indent.vim
004.236  000.025  000.025: sourcing /usr/share/nvim/archlinux.vim
004.244  000.068  000.043: sourcing /etc/xdg/nvim/sysinit.vim
004.893  000.510  000.510: require('core')
005.449  000.547  000.547: require('core.base')
005.804  000.022  000.022: require('vim.keymap')
006.292  000.830  000.808: require('core.keymaps')
007.145  000.612  000.612: require('lazy')
007.223  000.042  000.042: require('ffi')
007.321  000.089  000.089: require('vim.loader')
007.419  000.038  000.038: require('vim.fs')
007.774  000.424  000.386: require('lazy.stats')
007.938  000.134  000.134: require('lazy.core.util')
008.048  000.103  000.103: require('lazy.core.config')
008.271  000.096  000.096: require('lazy.core.handler')
008.523  000.247  000.247: require('lazy.core.plugin')
008.532  000.479  000.137: require('lazy.core.loader')
009.153  000.204  000.204: require('plugins.completition')
009.339  000.094  000.094: require('plugins.git')
009.481  000.096  000.096: require('plugins.higlight')
009.675  000.098  000.098: require('plugins.languages')
010.758  000.113  000.113: require('vim.lsp.log')
011.350  000.585  000.585: require('vim.lsp.protocol')
011.847  000.200  000.200: require('vim.lsp._snippet')
011.945  000.093  000.093: require('vim.highlight')
011.960  000.009  000.009: require('vim.F')
011.989  000.634  000.331: require('vim.lsp.util')
012.019  001.584  000.252: require('vim.lsp.handlers')
012.284  000.261  000.261: require('vim.lsp.rpc')
012.449  000.159  000.159: require('vim.lsp.sync')
012.678  000.224  000.224: require('vim.lsp.semantic_tokens')
012.946  000.259  000.259: require('vim.lsp.buf')
013.095  000.144  000.144: require('vim.lsp.diagnostic')
013.366  000.267  000.267: require('vim.lsp.codelens')
013.631  003.695  000.798: require('vim.lsp')
013.646  003.892  000.197: require('plugins.lsp')
013.846  000.099  000.099: require('plugins.telescope')
013.962  000.067  000.067: require('plugins.theme')
014.073  000.089  000.089: require('plugins.whynot')
015.029  000.099  000.099: require('lazy.core.handler.keys')
015.106  000.068  000.068: require('lazy.core.handler.event')
015.178  000.066  000.066: require('lazy.core.handler.cmd')
015.239  000.056  000.056: require('lazy.core.handler.ft')
017.101  000.309  000.309: sourcing /usr/share/nvim/runtime/filetype.lua
018.700  000.046  000.046: sourcing /home/racso/.local/share/nvim/lazy/plenary.nvim/plugin/plenary.vim
020.612  001.023  001.023: sourcing /home/racso/.local/share/nvim/lazy/telescope.nvim/plugin/telescope.lua
022.358  000.225  000.225: require('telescope._extensions')
022.370  001.571  001.346: require('telescope')
023.146  000.157  000.157: require('plenary.bit')
023.265  000.109  000.109: require('plenary.functional')
023.343  000.550  000.283: require('plenary.path')
023.372  000.700  000.151: require('plenary.strings')
023.522  000.145  000.145: require('telescope.deprecated')
024.069  000.203  000.203: require('plenary.log')
024.177  000.477  000.274: require('telescope.log')
024.706  000.298  000.298: require('plenary.job')
024.880  000.169  000.169: require('telescope.state')
024.962  000.780  000.313: require('telescope.utils')
024.977  001.450  000.193: require('telescope.sorters')
025.082  000.087  000.087: require('vim.inspect')
027.955  005.581  003.199: require('telescope.config')
029.136  011.946  003.725: require('telescope')
031.339  000.108  000.108: require('telescope.config.resolve')
031.345  000.182  000.074: require('telescope.pickers.entry_display')
031.355  000.347  000.164: require('telescope.make_entry')
031.657  000.048  000.048: require('plenary.tbl')
031.663  000.099  000.051: require('plenary.vararg.rotate')
031.668  000.150  000.051: require('plenary.vararg')
031.715  000.043  000.043: require('plenary.errors')
031.721  000.250  000.057: require('plenary.async.async')
031.930  000.052  000.052: require('plenary.async.structs')
031.938  000.118  000.066: require('plenary.async.control')
031.944  000.175  000.057: require('plenary.async.util')
031.949  000.224  000.049: require('plenary.async.tests')
031.954  000.530  000.056: require('plenary.async')
031.959  000.599  000.069: require('telescope.finders.async_static_finder')
032.211  000.074  000.074: require('plenary.class')
032.233  000.190  000.116: require('telescope._')
032.237  000.274  000.085: require('telescope.finders.async_oneshot_finder')
032.457  000.216  000.216: require('telescope.finders.async_job_finder')
032.467  001.561  000.126: require('telescope.finders')
032.889  000.069  000.069: require('plenary.window.border')
032.994  000.100  000.100: require('plenary.window')
033.071  000.073  000.073: require('plenary.popup.utils')
033.081  000.371  000.130: require('plenary.popup')
033.463  000.085  000.085: require('telescope.pickers.scroller')
033.537  000.069  000.069: require('telescope.actions.state')
033.645  000.103  000.103: require('telescope.actions.utils')
033.887  000.126  000.126: require('telescope.actions.mt')
033.925  000.275  000.149: require('telescope.actions.set')
034.021  000.092  000.092: require('telescope.from_entry')
034.534  001.449  000.825: require('telescope.actions')
034.655  000.115  000.115: require('telescope.debounce')
034.838  000.178  000.178: require('telescope.mappings')
034.974  000.132  000.132: require('telescope.pickers.highlights')
035.068  000.089  000.089: require('telescope.pickers.window')
035.324  000.122  000.122: require('telescope.algos.linked_list')
035.332  000.260  000.138: require('telescope.entry_manager')
035.435  000.098  000.098: require('telescope.pickers.multi')
035.465  002.993  000.302: require('telescope.pickers')
035.689  000.117  000.117: require('telescope.previewers.previewer')
035.905  000.211  000.211: require('telescope.previewers.term_previewer')
036.510  000.166  000.166: require('plenary.context_manager')
039.890  000.093  000.093: require('vim.treesitter.language')
039.911  000.193  000.100: require('vim.treesitter.query')
039.980  000.065  000.065: require('vim.treesitter._range')
039.990  000.373  000.114: require('vim.treesitter.languagetree')
039.998  000.682  000.310: require('vim.treesitter')
040.004  001.214  000.532: require('nvim-treesitter.compat')
040.973  000.811  000.811: require('nvim-treesitter.parsers')
041.085  000.102  000.102: require('nvim-treesitter.utils')
041.095  001.022  000.109: require('nvim-treesitter.ts_utils')
041.104  001.097  000.076: require('nvim-treesitter.tsrange')
041.182  000.073  000.073: require('nvim-treesitter.caching')
041.195  002.711  000.327: require('nvim-treesitter.query')
041.200  003.530  000.819: require('rainbow')
041.509  000.087  000.087: require('nvim-treesitter.configs')
041.515  000.156  000.070: require('nvim-treesitter.info')
041.589  000.070  000.070: require('nvim-treesitter.shell_command_selectors')
041.614  000.357  000.130: require('nvim-treesitter.install')
041.700  000.081  000.081: require('nvim-treesitter.statusline')
041.764  000.060  000.060: require('nvim-treesitter.query_predicates')
041.768  000.564  000.066: require('nvim-treesitter')
041.799  004.177  000.082: sourcing /home/racso/.local/share/nvim/lazy/nvim-ts-rainbow/plugin/rainbow.vim
042.442  000.416  000.416: require('ts_context_commentstring')
042.483  000.476  000.060: sourcing /home/racso/.local/share/nvim/lazy/nvim-ts-context-commentstring/plugin/ts_context_commentstring.vim
043.041  000.298  000.298: require('nvim-treesitter-textobjects')
043.180  000.061  000.061: require('nvim-treesitter.textobjects.shared')
043.186  000.135  000.074: require('nvim-treesitter.textobjects.select')
043.348  000.056  000.056: require('nvim-treesitter.textobjects.attach')
043.417  000.064  000.064: require('nvim-treesitter.textobjects.repeatable_move')
043.425  000.194  000.074: require('nvim-treesitter.textobjects.move')
043.662  000.057  000.057: require('nvim-treesitter.textobjects.swap')
043.817  000.083  000.083: require('nvim-treesitter.textobjects.lsp_interop')
043.837  001.112  000.346: sourcing /home/racso/.local/share/nvim/lazy/nvim-treesitter-textobjects/plugin/nvim-treesitter-textobjects.vim
044.675  000.700  000.700: sourcing /home/racso/.local/share/nvim/lazy/nvim-treesitter/plugin/nvim-treesitter.lua
046.431  000.074  000.074: require('ts_context_commentstring.utils')
046.551  000.084  000.084: require('ts_context_commentstring.config')
046.560  000.348  000.190: require('ts_context_commentstring.internal')
046.780  000.106  000.106: require('nvim-treesitter.indent')
047.075  000.225  000.225: require('rainbow.internal')
047.187  000.076  000.076: require('nvim-treesitter.highlight')
047.289  010.774  003.554: require('nvim-treesitter')
047.298  011.129  000.189: require('telescope.previewers.utils')
048.646  001.342  001.342: require('plenary.filetype')
050.425  001.771  001.771: require('plenary.scandir')
050.550  014.640  000.399: require('telescope.previewers.buffer_previewer')
050.568  015.099  000.130: require('telescope.previewers')
051.013  000.134  000.134: require('neoclip.settings')
051.023  000.288  000.154: require('neoclip')
051.323  000.092  000.092: require('neoclip.linked_list')
051.331  000.219  000.127: require('neoclip.sorted_set')
051.353  000.325  000.106: require('neoclip.storage')
051.364  000.791  000.178: require('neoclip.handlers')
051.466  000.098  000.098: require('neoclip.utils')
051.548  000.078  000.078: require('neoclip.picker_utils')
051.567  020.735  000.116: require('neoclip.telescope')
051.658  020.890  000.155: require('telescope._extensions.neoclip')
051.805  000.139  000.139: require('telescope._extensions.media_files')
053.886  000.096  000.096: require('mason-core.path')
054.409  000.345  000.345: require('mason-core.functional')
054.633  000.102  000.102: require('mason-core.functional.data')
054.646  000.199  000.097: require('mason-core.functional.function')
054.841  000.166  000.166: require('mason-core.functional.relation')
054.959  000.099  000.099: require('mason-core.functional.logic')
055.034  001.136  000.327: require('mason-core.platform')
055.207  000.168  000.168: require('mason.settings')
055.214  001.856  000.455: require('mason')
055.682  000.214  000.214: require('mason-core.functional.list')
055.800  000.110  000.110: require('mason-core.functional.string')
055.843  000.520  000.197: require('mason.api.command')
055.979  000.122  000.122: require('mason-registry.sources')
056.034  003.186  000.687: require('mason-core.functional')
056.208  000.170  000.170: require('mason-core.log')
056.292  000.079  000.079: require('mason-lspconfig.settings')
056.301  003.868  000.434: require('mason-lspconfig')
057.071  000.190  000.190: require('vim.version')
059.055  002.285  002.095: sourcing /home/racso/.local/share/nvim/lazy/nvim-lspconfig/plugin/lspconfig.lua
060.532  000.842  000.842: require('lspconfig.util')
060.781  000.242  000.242: require('lspconfig.async')
060.787  001.547  000.463: require('lspconfig.configs')
060.796  004.490  000.658: require('lspconfig')
061.065  000.265  000.265: require('mason-core.optional')
061.976  000.569  000.569: require('mason-core.functional.table')
062.060  000.989  000.419: require('mason-lspconfig.mappings.server')
062.907  000.305  000.305: require('mason-core.EventEmitter')
063.070  000.084  000.084: require('mason-core.async')
063.194  000.060  000.060: require('mason-core.async.uv')
063.204  000.291  000.147: require('mason-core.fs')
063.247  001.180  000.585: require('mason-registry')
063.325  000.073  000.073: require('mason-lspconfig.notify')
063.662  000.103  000.103: require('lspconfig.server_configurations.eslint')
064.719  000.085  000.085: require('lspconfig.manager')
064.796  000.066  000.066: require('lspconfig.server_configurations.tsserver')
065.252  000.074  000.074: require('lspconfig.server_configurations.lua_ls')
065.678  000.095  000.095: require('lspconfig.server_configurations.tailwindcss')
066.122  000.071  000.071: require('lspconfig.server_configurations.solidity_ls_nomicfoundation')
066.442  000.054  000.054: require('efmls-configs.utils')
066.501  000.054  000.054: require('efmls-configs.fs')
066.579  000.254  000.146: require('efmls-configs.linters.eslint')
066.683  000.099  000.099: require('efmls-configs.formatters.prettier')
066.774  000.084  000.084: require('efmls-configs.linters.luacheck')
066.848  000.069  000.069: require('efmls-configs.formatters.stylua')
066.939  000.087  000.087: require('efmls-configs.linters.solhint')
067.067  000.124  000.124: require('efmls-configs.formatters.forge_fmt')
067.163  000.092  000.092: require('efmls-configs.linters.jq')
067.250  000.082  000.082: require('efmls-configs.linters.pylint')
067.326  000.071  000.071: require('efmls-configs.formatters.black')
067.466  000.057  000.057: require('lspconfig.server_configurations.efm')
067.681  000.063  000.063: require('lspconfig.server_configurations.bashls')
069.154  000.063  000.063: sourcing /home/racso/.local/share/nvim/lazy/nvim-web-devicons/plugin/nvim-web-devicons.vim
069.920  000.049  000.049: require('nvim-tree.notify')
069.929  000.104  000.054: require('nvim-tree.events')
070.155  000.065  000.065: require('nvim-tree.log')
070.310  000.058  000.058: require('nvim-tree.iterators.node-iterator')
070.365  000.206  000.148: require('nvim-tree.utils')
070.470  000.102  000.102: require('nvim-tree.git.utils')
070.542  000.067  000.067: require('nvim-tree.git.runner')
070.611  000.064  000.064: require('nvim-tree.watcher')
070.670  000.054  000.054: require('nvim-tree.explorer.node')
070.677  000.672  000.114: require('nvim-tree.git')
070.737  000.055  000.055: require('nvim-tree.explorer.watch')
070.834  000.047  000.047: require('nvim-tree.explorer.node-builders')
070.893  000.054  000.054: require('nvim-tree.explorer.sorters')
070.946  000.049  000.049: require('nvim-tree.explorer.filters')
071.108  000.097  000.097: require('nvim-tree.view')
071.115  000.164  000.066: require('nvim-tree.live-filter')
071.120  000.377  000.064: require('nvim-tree.explorer.explore')
071.179  000.054  000.054: require('nvim-tree.explorer.reload')
071.185  001.254  000.095: require('nvim-tree.explorer')
071.191  001.412  000.054: require('nvim-tree.core')
071.332  000.084  000.084: require('nvim-tree.modified')
071.337  000.142  000.058: require('nvim-tree.renderer.components.modified')
071.392  000.050  000.050: require('nvim-tree.renderer.components.padding')
071.456  000.060  000.060: require('nvim-tree.renderer.components.icons')
071.540  000.078  000.078: require('nvim-tree.renderer.components.full-name')
071.657  000.110  000.110: require('nvim-tree.renderer.components.git')
071.790  000.053  000.053: require('nvim-tree.enum')
071.797  000.133  000.080: require('nvim-tree.renderer.components.diagnostics')
072.059  000.093  000.093: require('nvim-tree.marks')
072.067  000.182  000.089: require('nvim-tree.renderer.components.bookmarks')
072.078  000.277  000.094: require('nvim-tree.renderer.builder')
072.094  002.369  000.108: require('nvim-tree.renderer')
072.103  002.434  000.066: require('nvim-tree.lib')
072.204  000.096  000.096: require('nvim-tree.colors')
072.577  000.079  000.079: require('nvim-tree.actions.finders.find-file')
072.583  000.168  000.089: require('nvim-tree.actions.tree.open')
072.641  000.054  000.054: require('nvim-tree.actions.tree.toggle')
072.807  000.158  000.158: require('nvim-tree.actions.reloaders.reloaders')
072.932  000.078  000.078: require('nvim-tree.actions.root.dir-up')
073.004  000.065  000.065: require('nvim-tree.actions.tree.find-file')
073.096  000.088  000.088: require('nvim-tree.actions.finders.search-node')
073.175  000.072  000.072: require('nvim-tree.actions.tree-modifiers.collapse-all')
073.245  000.066  000.066: require('nvim-tree.actions.tree-modifiers.expand-all')
073.309  000.059  000.059: require('nvim-tree.actions.tree-modifiers.toggles')
073.498  000.098  000.098: require('nvim-tree.keymap')
073.509  000.195  000.097: require('nvim-tree.help')
073.598  000.084  000.084: require('nvim-tree.actions.fs.create-file')
073.672  000.067  000.067: require('nvim-tree.actions.fs.remove-file')
073.748  000.072  000.072: require('nvim-tree.actions.fs.trash')
073.827  000.074  000.074: require('nvim-tree.actions.fs.rename-file')
073.928  000.094  000.094: require('nvim-tree.actions.fs.copy-paste')
074.011  000.066  000.066: require('nvim-tree.actions.node.file-popup')
074.072  000.056  000.056: require('nvim-tree.actions.node.run-command')
074.136  000.060  000.060: require('nvim-tree.actions.node.system-open')
074.201  000.061  000.061: require('nvim-tree.actions.moves.sibling')
074.264  000.054  000.054: require('nvim-tree.actions.moves.parent')
074.325  000.057  000.057: require('nvim-tree.actions.moves.item')
074.401  000.062  000.062: require('nvim-tree.marks.bulk-delete')
074.462  000.056  000.056: require('nvim-tree.marks.bulk-trash')
074.526  000.059  000.059: require('nvim-tree.marks.bulk-move')
074.679  000.092  000.092: require('nvim-tree.actions.node.open-file')
074.686  000.155  000.063: require('nvim-tree.marks.navigation')
074.701  002.417  000.338: require('nvim-tree.api')
074.713  002.503  000.085: require('nvim-tree.commands')
074.785  000.067  000.067: require('nvim-tree.actions.root.change-dir')
074.854  000.064  000.064: require('nvim-tree.legacy')
075.123  000.242  000.242: require('vim.diagnostic')
075.168  005.911  000.504: require('nvim-tree')
075.874  000.078  000.078: require('nvim-tree.actions')
076.233  000.075  000.075: require('nvim-tree.diagnostics')
076.809  000.332  000.332: require('nvim-web-devicons.icons-default')
076.908  000.585  000.253: require('nvim-web-devicons')
079.435  000.304  000.304: sourcing /home/racso/.local/share/nvim/lazy/vim-surround/plugin/surround.vim
080.443  000.457  000.457: require('filetype')
081.214  000.136  000.136: require('lualine_require')
081.599  001.034  000.899: require('lualine')
082.654  000.165  000.165: sourcing /home/racso/.local/share/nvim/lazy/gruvbox-material/autoload/gruvbox_material.vim
086.941  000.126  000.126: require('lualine.utils.mode')
088.215  000.099  000.099: require('treesitter-context.config')
088.248  000.640  000.541: require('treesitter-context')
088.384  000.902  000.263: sourcing /home/racso/.local/share/nvim/lazy/nvim-treesitter-context/plugin/treesitter-context.lua
089.790  000.633  000.633: require('mason-tool-installer')
089.817  000.931  000.298: sourcing /home/racso/.local/share/nvim/lazy/mason-tool-installer.nvim/plugin/mason-tool-installer.lua
090.288  000.088  000.088: sourcing /usr/share/nvim/runtime/plugin/editorconfig.lua
090.519  000.184  000.184: sourcing /usr/share/nvim/runtime/plugin/gzip.vim
090.615  000.014  000.014: sourcing /usr/share/nvim/runtime/plugin/health.vim
090.779  000.102  000.102: sourcing /usr/share/nvim/runtime/plugin/man.lua
091.454  000.171  000.171: sourcing /usr/share/nvim/runtime/pack/dist/opt/matchit/plugin/matchit.vim
091.539  000.691  000.521: sourcing /usr/share/nvim/runtime/plugin/matchit.vim
091.719  000.144  000.144: sourcing /usr/share/nvim/runtime/plugin/matchparen.vim
092.084  000.329  000.329: sourcing /usr/share/nvim/runtime/plugin/netrwPlugin.vim
092.278  000.145  000.145: sourcing /usr/share/nvim/runtime/plugin/nvim.lua
092.497  000.147  000.147: sourcing /usr/share/nvim/runtime/plugin/rplugin.vim
092.609  000.071  000.071: sourcing /usr/share/nvim/runtime/plugin/shada.vim
092.694  000.024  000.024: sourcing /usr/share/nvim/runtime/plugin/spellfile.vim
092.852  000.106  000.106: sourcing /usr/share/nvim/runtime/plugin/tarPlugin.vim
093.041  000.082  000.082: sourcing /usr/share/nvim/runtime/plugin/tohtml.vim
093.113  000.020  000.020: sourcing /usr/share/nvim/runtime/plugin/tutor.vim
093.308  000.141  000.141: sourcing /usr/share/nvim/runtime/plugin/zipPlugin.vim
093.573  087.272  021.815: require('core.plugin')
093.679  000.100  000.100: require('core.themes')
093.763  000.080  000.080: require('core.autocmd')
095.332  091.046  001.708: sourcing /home/racso/.config/nvim/init.lua
095.350  000.798: sourcing vimrc file(s)
095.896  000.072  000.072: sourcing /home/racso/.local/share/nvim/lazy/filetype.nvim/filetype.vim
096.248  000.160  000.160: sourcing /usr/share/nvim/runtime/filetype.lua
096.606  000.101  000.101: sourcing /usr/share/nvim/runtime/syntax/synload.vim
096.725  000.407  000.306: sourcing /usr/share/nvim/runtime/syntax/syntax.vim
096.741  000.751: inits 3
099.221  002.481: reading ShaDa
099.438  000.217: opening buffers
099.603  000.165: BufEnter autocommands
099.608  000.005: editing files in windows
100.388  000.091  000.091: sourcing /home/racso/.local/share/nvim/lazy/onedark.vim/autoload/onedark.vim
121.339  021.558  021.467: sourcing /home/racso/.local/share/nvim/lazy/onedark.vim/colors/onedark.vim
121.413  000.246: VimEnter autocommands
121.482  000.070: UIEnter autocommands
121.910  000.254  000.254: sourcing /usr/share/nvim/runtime/autoload/provider/clipboard.vim
121.920  000.183: before starting main loop
122.076  000.040  000.040: sourcing /home/racso/.local/share/nvim/lazy/nvim-treesitter/autoload/nvim_treesitter.vim
122.292  000.177  000.177: require('nvim-treesitter.fold')
122.751  000.615: first screen update
122.757  000.006: --- NVIM STARTED ---


times in msec
 clock   self+sourced   self:  sourced script
 clock   elapsed:              other lines

000.024  000.024: --- NVIM STARTING ---
000.276  000.252: event init
000.406  000.131: early init
000.515  000.109: locale set
000.588  000.073: init first window
001.015  000.427: inits 1
001.029  000.013: window checked
001.033  000.004: parsing arguments
001.697  000.088  000.088: require('vim.shared')
001.882  000.069  000.069: require('vim._options')
001.887  000.180  000.112: require('vim._editor')
001.892  000.341  000.073: require('vim._init_packages')
001.896  000.522: init lua interpreter
003.336  001.440: expanding arguments
003.413  000.077: inits 2
003.731  000.317: init highlight


times in msec
 clock   self+sourced   self:  sourced script
 clock   elapsed:              other lines

000.019  000.019: --- NVIM STARTING ---
000.205  000.187: event init
000.322  000.117: early init
000.412  000.090: locale set
000.474  000.062: init first window
000.811  000.337: inits 1
000.861  000.050: window checked
000.874  000.013: parsing arguments
001.500  000.078  000.078: require('vim.shared')
001.677  000.084  000.084: require('vim._options')
001.684  000.177  000.093: require('vim._editor')
001.688  000.327  000.072: require('vim._init_packages')
001.694  000.494: init lua interpreter
001.801  000.107: expanding arguments
001.903  000.102: inits 2
002.630  000.726: init highlight
002.643  000.013: waiting for UI
003.227  000.584: done waiting for UI
003.253  000.025: clear screen
003.622  000.370: init default mappings & autocommands
004.457  000.096  000.096: sourcing /usr/share/nvim/runtime/ftplugin.vim
004.551  000.044  000.044: sourcing /usr/share/nvim/runtime/indent.vim
004.647  000.020  000.020: sourcing /usr/share/nvim/archlinux.vim
004.654  000.063  000.043: sourcing /etc/xdg/nvim/sysinit.vim
005.452  000.655  000.655: require('core')
005.908  000.446  000.446: require('core.base')
006.141  000.014  000.014: require('vim.keymap')
006.527  000.613  000.599: require('core.keymaps')
007.329  000.612  000.612: require('lazy')
007.388  000.033  000.033: require('ffi')
007.480  000.083  000.083: require('vim.loader')
007.613  000.041  000.041: require('vim.fs')
007.932  000.389  000.348: require('lazy.stats')
008.072  000.112  000.112: require('lazy.core.util')
008.177  000.100  000.100: require('lazy.core.config')
008.436  000.141  000.141: require('lazy.core.handler')
008.664  000.224  000.224: require('lazy.core.plugin')
008.676  000.495  000.130: require('lazy.core.loader')
009.238  000.207  000.207: require('plugins.completition')
009.443  000.118  000.118: require('plugins.git')
009.618  000.127  000.127: require('plugins.higlight')
009.817  000.143  000.143: require('plugins.languages')
011.155  000.134  000.134: require('vim.lsp.log')
011.643  000.479  000.479: require('vim.lsp.protocol')
012.221  000.214  000.214: require('vim.lsp._snippet')
012.317  000.088  000.088: require('vim.highlight')
012.333  000.010  000.010: require('vim.F')
012.355  000.706  000.395: require('vim.lsp.util')
012.392  001.718  000.399: require('vim.lsp.handlers')
012.671  000.274  000.274: require('vim.lsp.rpc')
012.807  000.131  000.131: require('vim.lsp.sync')
013.078  000.266  000.266: require('vim.lsp.semantic_tokens')
013.321  000.235  000.235: require('vim.lsp.buf')
013.481  000.154  000.154: require('vim.lsp.diagnostic')
013.773  000.287  000.287: require('vim.lsp.codelens')
014.192  004.092  001.026: require('vim.lsp')
014.234  004.297  000.206: require('plugins.lsp')
014.751  000.323  000.323: require('plugins.telescope')
015.220  000.161  000.161: require('plugins.theme')
015.428  000.175  000.175: require('plugins.whynot')
016.077  000.143  000.143: require('lazy.core.handler.event')
016.221  000.134  000.134: require('lazy.core.handler.cmd')
016.300  000.071  000.071: require('lazy.core.handler.keys')
016.382  000.072  000.072: require('lazy.core.handler.ft')
019.091  000.431  000.431: sourcing /usr/share/nvim/runtime/filetype.lua
020.776  000.070  000.070: sourcing /home/racso/.local/share/nvim/lazy/plenary.nvim/plugin/plenary.vim
022.946  000.875  000.875: sourcing /home/racso/.local/share/nvim/lazy/telescope.nvim/plugin/telescope.lua
024.358  000.110  000.110: require('telescope._extensions')
024.373  001.263  001.153: require('telescope')
025.225  000.232  000.232: require('plenary.bit')
025.365  000.126  000.126: require('plenary.functional')
025.432  000.633  000.274: require('plenary.path')
025.456  000.798  000.165: require('plenary.strings')
025.643  000.183  000.183: require('telescope.deprecated')
026.358  000.323  000.323: require('plenary.log')
026.513  000.640  000.317: require('telescope.log')
027.118  000.337  000.337: require('plenary.job')
027.235  000.111  000.111: require('telescope.state')
027.298  000.779  000.331: require('telescope.utils')
027.314  001.666  000.247: require('telescope.sorters')
027.444  000.105  000.105: require('vim.inspect')
030.647  006.271  003.520: require('telescope.config')
032.050  012.861  004.382: require('telescope')
032.975  000.119  000.119: require('telescope.config.resolve')
032.982  000.209  000.090: require('telescope.pickers.entry_display')
032.994  000.478  000.269: require('telescope.make_entry')
033.421  000.055  000.055: require('plenary.tbl')
033.428  000.106  000.052: require('plenary.vararg.rotate')
033.433  000.184  000.077: require('plenary.vararg')
033.485  000.048  000.048: require('plenary.errors')
033.492  000.299  000.067: require('plenary.async.async')
033.713  000.049  000.049: require('plenary.async.structs')
033.721  000.112  000.063: require('plenary.async.control')
033.730  000.172  000.060: require('plenary.async.util')
033.734  000.238  000.066: require('plenary.async.tests')
033.739  000.633  000.096: require('plenary.async')
033.744  000.746  000.112: require('telescope.finders.async_static_finder')
033.985  000.051  000.051: require('plenary.class')
034.001  000.151  000.100: require('telescope._')
034.005  000.257  000.106: require('telescope.finders.async_oneshot_finder')
034.084  000.074  000.074: require('telescope.finders.async_job_finder')
034.092  001.720  000.165: require('telescope.finders')
034.573  000.099  000.099: require('plenary.window.border')
034.644  000.065  000.065: require('plenary.window')
034.698  000.050  000.050: require('plenary.popup.utils')
034.707  000.335  000.121: require('plenary.popup')
035.046  000.089  000.089: require('telescope.pickers.scroller')
035.137  000.087  000.087: require('telescope.actions.state')
035.239  000.097  000.097: require('telescope.actions.utils')
035.444  000.095  000.095: require('telescope.actions.mt')
035.471  000.228  000.133: require('telescope.actions.set')
035.638  000.162  000.162: require('telescope.from_entry')
036.078  001.366  000.703: require('telescope.actions')
036.224  000.140  000.140: require('telescope.debounce')
036.452  000.223  000.223: require('telescope.mappings')
036.599  000.141  000.141: require('telescope.pickers.highlights')
036.726  000.123  000.123: require('telescope.pickers.window')
037.008  000.159  000.159: require('telescope.algos.linked_list')
037.015  000.284  000.125: require('telescope.entry_manager')
037.124  000.104  000.104: require('telescope.pickers.multi')
037.167  003.070  000.354: require('telescope.pickers')
037.399  000.116  000.116: require('telescope.previewers.previewer')
037.690  000.287  000.287: require('telescope.previewers.term_previewer')
038.443  000.092  000.092: require('plenary.context_manager')
041.651  000.070  000.070: require('vim.treesitter.language')
041.670  000.679  000.609: require('vim.treesitter.query')
041.740  000.065  000.065: require('vim.treesitter._range')
041.750  001.352  000.608: require('vim.treesitter.languagetree')
041.763  001.683  000.331: require('vim.treesitter')
041.769  001.943  000.260: require('nvim-treesitter.compat')
042.805  000.889  000.889: require('nvim-treesitter.parsers')
042.935  000.120  000.120: require('nvim-treesitter.utils')
042.948  001.108  000.099: require('nvim-treesitter.ts_utils')
042.959  001.185  000.078: require('nvim-treesitter.tsrange')
043.021  000.060  000.060: require('nvim-treesitter.caching')
043.039  003.357  000.168: require('nvim-treesitter.query')
043.047  003.823  000.466: require('rainbow')
043.489  000.094  000.094: require('nvim-treesitter.configs')
043.497  000.183  000.089: require('nvim-treesitter.info')
043.607  000.105  000.105: require('nvim-treesitter.shell_command_selectors')
043.639  000.501  000.213: require('nvim-treesitter.install')
043.696  000.052  000.052: require('nvim-treesitter.statusline')
043.763  000.063  000.063: require('nvim-treesitter.query_predicates')
043.768  000.715  000.099: require('nvim-treesitter')
043.800  004.599  000.061: sourcing /home/racso/.local/share/nvim/lazy/nvim-ts-rainbow/plugin/rainbow.vim
044.812  000.495  000.495: require('ts_context_commentstring')
044.856  000.561  000.066: sourcing /home/racso/.local/share/nvim/lazy/nvim-ts-context-commentstring/plugin/ts_context_commentstring.vim
045.743  000.067  000.067: require('treesitter-context.config')
045.761  000.595  000.528: require('treesitter-context')
045.850  000.732  000.136: sourcing /home/racso/.local/share/nvim/lazy/nvim-treesitter-context/plugin/treesitter-context.lua
046.563  000.505  000.505: require('nvim-treesitter-textobjects')
046.752  000.072  000.072: require('nvim-treesitter.textobjects.shared')
046.759  000.182  000.110: require('nvim-treesitter.textobjects.select')
046.939  000.088  000.088: require('nvim-treesitter.textobjects.attach')
047.022  000.079  000.079: require('nvim-treesitter.textobjects.repeatable_move')
047.034  000.241  000.075: require('nvim-treesitter.textobjects.move')
047.255  000.077  000.077: require('nvim-treesitter.textobjects.swap')
047.423  000.082  000.082: require('nvim-treesitter.textobjects.lsp_interop')
047.445  001.410  000.321: sourcing /home/racso/.local/share/nvim/lazy/nvim-treesitter-textobjects/plugin/nvim-treesitter-textobjects.vim
048.258  000.054  000.054: require('nvim-ts-autotag._log')
048.329  000.065  000.065: require('nvim-ts-autotag.utils')
048.343  000.255  000.136: require('nvim-ts-autotag.internal')
048.348  000.677  000.422: require('nvim-ts-autotag')
048.354  000.702  000.025: sourcing /home/racso/.local/share/nvim/lazy/nvim-ts-autotag/plugin/nvim-ts-autotag.vim
049.328  000.861  000.861: sourcing /home/racso/.local/share/nvim/lazy/nvim-treesitter/plugin/nvim-treesitter.lua
050.941  000.205  000.205: require('rainbow.internal')
051.355  000.081  000.081: require('ts_context_commentstring.utils')
051.441  000.080  000.080: require('ts_context_commentstring.config')
051.448  000.275  000.114: require('ts_context_commentstring.internal')
051.595  000.079  000.079: require('nvim-treesitter.highlight')
051.771  000.128  000.128: require('nvim-treesitter.indent')
051.853  013.400  003.850: require('nvim-treesitter')
051.864  013.814  000.323: require('telescope.previewers.utils')
054.129  002.260  002.260: require('plenary.filetype')
056.038  001.900  001.900: require('plenary.scandir')
056.154  018.458  000.484: require('telescope.previewers.buffer_previewer')
056.164  018.993  000.132: require('telescope.previewers')
056.583  000.154  000.154: require('neoclip.settings')
056.589  000.257  000.103: require('neoclip')
056.877  000.096  000.096: require('neoclip.linked_list')
056.883  000.198  000.102: require('neoclip.sorted_set')
056.901  000.307  000.109: require('neoclip.storage')
056.910  000.740  000.176: require('neoclip.handlers')
057.005  000.090  000.090: require('neoclip.utils')
057.096  000.087  000.087: require('neoclip.picker_utils')
057.119  024.860  000.160: require('neoclip.telescope')
057.260  025.195  000.335: require('telescope._extensions.neoclip')
057.432  000.162  000.162: require('telescope._extensions.media_files')
059.246  000.152  000.152: require('mason-core.path')
059.777  000.286  000.286: require('mason-core.functional')
060.080  000.096  000.096: require('mason-core.functional.data')
060.103  000.271  000.175: require('mason-core.functional.function')
060.229  000.100  000.100: require('mason-core.functional.relation')
060.327  000.085  000.085: require('mason-core.functional.logic')
060.402  001.143  000.401: require('mason-core.platform')
060.559  000.153  000.153: require('mason.settings')
060.563  002.093  000.645: require('mason')
061.125  000.356  000.356: require('mason-core.functional.list')
061.239  000.104  000.104: require('mason-core.functional.string')
061.282  000.659  000.199: require('mason.api.command')
061.412  000.117  000.117: require('mason-registry.sources')
063.696  000.516  000.516: require('mason-core.log')
063.877  000.170  000.170: require('mason-lspconfig.settings')
063.893  001.818  001.131: require('mason-lspconfig')
065.575  000.537  000.537: require('vim.version')
067.920  003.167  002.630: sourcing /home/racso/.local/share/nvim/lazy/nvim-lspconfig/plugin/lspconfig.lua
068.835  000.151  000.151: require('lspconfig.util')
068.903  000.061  000.061: require('lspconfig.async')
068.909  000.709  000.497: require('lspconfig.configs')
068.913  005.016  001.140: require('lspconfig')
068.983  000.065  000.065: require('mason-core.optional')
069.168  000.074  000.074: require('mason-core.functional.table')
069.251  000.263  000.189: require('mason-lspconfig.mappings.server')
069.396  000.061  000.061: require('mason-core.EventEmitter')
069.542  000.075  000.075: require('mason-core.async')
069.594  000.046  000.046: require('mason-core.async.uv')
069.604  000.203  000.082: require('mason-core.fs')
069.641  000.386  000.121: require('mason-registry')
069.697  000.051  000.051: require('mason-lspconfig.notify')
069.989  000.088  000.088: require('lspconfig.server_configurations.eslint')
071.052  000.106  000.106: require('lspconfig.manager')
071.129  000.060  000.060: require('lspconfig.server_configurations.tsserver')
071.754  000.106  000.106: require('lspconfig.server_configurations.lua_ls')
072.241  000.126  000.126: require('lspconfig.server_configurations.solidity_ls_nomicfoundation')
072.542  000.095  000.095: require('lspconfig.server_configurations.bashls')
072.863  000.118  000.118: require('lspconfig.server_configurations.tailwindcss')
073.341  000.076  000.076: require('efmls-configs.utils')
073.412  000.062  000.062: require('efmls-configs.fs')
073.491  000.317  000.178: require('efmls-configs.linters.eslint')
073.616  000.121  000.121: require('efmls-configs.formatters.prettier')
073.742  000.119  000.119: require('efmls-configs.linters.luacheck')
073.852  000.095  000.095: require('efmls-configs.formatters.stylua')
074.020  000.160  000.160: require('efmls-configs.linters.solhint')
074.197  000.172  000.172: require('efmls-configs.formatters.forge_fmt')
074.303  000.101  000.101: require('efmls-configs.linters.jq')
074.396  000.088  000.088: require('efmls-configs.linters.pylint')
074.476  000.075  000.075: require('efmls-configs.formatters.black')
074.546  000.055  000.055: require('lspconfig.server_configurations.efm')
075.758  000.081  000.081: require('lualine_require')
076.131  000.968  000.886: require('lualine')
077.117  000.143  000.143: sourcing /home/racso/.local/share/nvim/lazy/gruvbox-material/autoload/gruvbox_material.vim
080.304  000.093  000.093: require('lualine.utils.mode')
081.501  000.571  000.571: require('filetype')
082.538  000.490  000.490: require('mason-tool-installer')
082.561  000.576  000.086: sourcing /home/racso/.local/share/nvim/lazy/mason-tool-installer.nvim/plugin/mason-tool-installer.lua
083.253  000.393  000.393: sourcing /home/racso/.local/share/nvim/lazy/vim-surround/plugin/surround.vim
084.553  000.055  000.055: sourcing /home/racso/.local/share/nvim/lazy/nvim-web-devicons/plugin/nvim-web-devicons.vim
085.930  000.061  000.061: require('nvim-tree.notify')
085.941  000.145  000.084: require('nvim-tree.events')
086.187  000.057  000.057: require('nvim-tree.log')
086.401  000.100  000.100: require('nvim-tree.iterators.node-iterator')
086.449  000.257  000.157: require('nvim-tree.utils')
086.558  000.104  000.104: require('nvim-tree.git.utils')
086.638  000.075  000.075: require('nvim-tree.git.runner')
086.716  000.074  000.074: require('nvim-tree.watcher')
086.780  000.060  000.060: require('nvim-tree.explorer.node')
086.787  000.773  000.145: require('nvim-tree.git')
086.851  000.060  000.060: require('nvim-tree.explorer.watch')
087.002  000.080  000.080: require('nvim-tree.explorer.node-builders')
087.078  000.072  000.072: require('nvim-tree.explorer.sorters')
087.149  000.067  000.067: require('nvim-tree.explorer.filters')
087.370  000.134  000.134: require('nvim-tree.view')
087.377  000.223  000.089: require('nvim-tree.live-filter')
087.385  000.529  000.087: require('nvim-tree.explorer.explore')
087.472  000.083  000.083: require('nvim-tree.explorer.reload')
087.478  001.533  000.088: require('nvim-tree.explorer')
087.656  001.914  000.237: require('nvim-tree.core')
087.818  000.083  000.083: require('nvim-tree.modified')
087.855  000.193  000.110: require('nvim-tree.renderer.components.modified')
087.929  000.070  000.070: require('nvim-tree.renderer.components.padding')
088.008  000.076  000.076: require('nvim-tree.renderer.components.icons')
088.136  000.123  000.123: require('nvim-tree.renderer.components.full-name')
088.268  000.128  000.128: require('nvim-tree.renderer.components.git')
088.520  000.125  000.125: require('nvim-tree.enum')
088.529  000.256  000.131: require('nvim-tree.renderer.components.diagnostics')
088.957  000.138  000.138: require('nvim-tree.marks')
088.966  000.270  000.132: require('nvim-tree.renderer.components.bookmarks')
088.985  000.451  000.181: require('nvim-tree.renderer.builder')
088.999  003.341  000.128: require('nvim-tree.renderer')
089.011  003.438  000.097: require('nvim-tree.lib')
089.169  000.154  000.154: require('nvim-tree.colors')
089.648  000.117  000.117: require('nvim-tree.actions.finders.find-file')
089.656  000.198  000.080: require('nvim-tree.actions.tree.open')
089.745  000.084  000.084: require('nvim-tree.actions.tree.toggle')
089.861  000.109  000.109: require('nvim-tree.actions.reloaders.reloaders')
089.942  000.075  000.075: require('nvim-tree.actions.root.dir-up')
090.031  000.083  000.083: require('nvim-tree.actions.tree.find-file')
090.131  000.095  000.095: require('nvim-tree.actions.finders.search-node')
090.213  000.077  000.077: require('nvim-tree.actions.tree-modifiers.collapse-all')
090.309  000.092  000.092: require('nvim-tree.actions.tree-modifiers.expand-all')
090.390  000.077  000.077: require('nvim-tree.actions.tree-modifiers.toggles')
090.670  000.161  000.161: require('nvim-tree.keymap')
090.686  000.289  000.128: require('nvim-tree.help')
090.798  000.107  000.107: require('nvim-tree.actions.fs.create-file')
090.934  000.128  000.128: require('nvim-tree.actions.fs.remove-file')
091.034  000.095  000.095: require('nvim-tree.actions.fs.trash')
091.149  000.107  000.107: require('nvim-tree.actions.fs.rename-file')
091.338  000.175  000.175: require('nvim-tree.actions.fs.copy-paste')
091.467  000.111  000.111: require('nvim-tree.actions.node.file-popup')
091.548  000.076  000.076: require('nvim-tree.actions.node.run-command')
091.635  000.083  000.083: require('nvim-tree.actions.node.system-open')
091.712  000.072  000.072: require('nvim-tree.actions.moves.sibling')
091.808  000.087  000.087: require('nvim-tree.actions.moves.parent')
091.909  000.094  000.094: require('nvim-tree.actions.moves.item')
092.017  000.087  000.087: require('nvim-tree.marks.bulk-delete')
092.115  000.094  000.094: require('nvim-tree.marks.bulk-trash')
092.196  000.076  000.076: require('nvim-tree.marks.bulk-move')
092.450  000.166  000.166: require('nvim-tree.actions.node.open-file')
092.467  000.266  000.100: require('nvim-tree.marks.navigation')
092.474  003.176  000.340: require('nvim-tree.api')
092.497  003.323  000.147: require('nvim-tree.commands')
092.623  000.121  000.121: require('nvim-tree.actions.root.change-dir')
092.770  000.142  000.142: require('nvim-tree.legacy')
093.435  000.617  000.617: require('vim.diagnostic')
093.489  008.654  000.859: require('nvim-tree')
094.375  000.150  000.150: require('nvim-tree.actions')
094.926  000.172  000.172: require('nvim-tree.diagnostics')
096.087  000.737  000.737: require('nvim-web-devicons.icons-default')
096.301  001.244  000.507: require('nvim-web-devicons')
101.621  000.275  000.275: sourcing /usr/share/nvim/runtime/plugin/editorconfig.lua
101.878  000.186  000.186: sourcing /usr/share/nvim/runtime/plugin/gzip.vim
101.929  000.013  000.013: sourcing /usr/share/nvim/runtime/plugin/health.vim
102.394  000.385  000.385: sourcing /usr/share/nvim/runtime/plugin/man.lua
103.181  000.210  000.210: sourcing /usr/share/nvim/runtime/pack/dist/opt/matchit/plugin/matchit.vim
103.268  000.803  000.593: sourcing /usr/share/nvim/runtime/plugin/matchit.vim
103.515  000.160  000.160: sourcing /usr/share/nvim/runtime/plugin/matchparen.vim
103.997  000.389  000.389: sourcing /usr/share/nvim/runtime/plugin/netrwPlugin.vim
104.529  000.426  000.426: sourcing /usr/share/nvim/runtime/plugin/nvim.lua
104.907  000.210  000.210: sourcing /usr/share/nvim/runtime/plugin/rplugin.vim
105.164  000.117  000.117: sourcing /usr/share/nvim/runtime/plugin/shada.vim
105.265  000.034  000.034: sourcing /usr/share/nvim/runtime/plugin/spellfile.vim
105.545  000.218  000.218: sourcing /usr/share/nvim/runtime/plugin/tarPlugin.vim
105.873  000.100  000.100: sourcing /usr/share/nvim/runtime/plugin/tohtml.vim
106.004  000.026  000.026: sourcing /usr/share/nvim/runtime/plugin/tutor.vim
106.448  000.251  000.251: sourcing /usr/share/nvim/runtime/plugin/zipPlugin.vim
107.101  100.566  025.039: require('core.plugin')
107.645  000.534  000.534: require('core.themes')
108.130  000.477  000.477: require('core.autocmd')
110.368  105.674  002.383: sourcing /home/racso/.config/nvim/init.lua
110.408  000.909: sourcing vimrc file(s)
111.404  000.108  000.108: sourcing /home/racso/.local/share/nvim/lazy/filetype.nvim/filetype.vim
111.765  000.161  000.161: sourcing /usr/share/nvim/runtime/filetype.lua
112.201  000.097  000.097: sourcing /usr/share/nvim/runtime/syntax/synload.vim
112.295  000.376  000.279: sourcing /usr/share/nvim/runtime/syntax/syntax.vim
112.313  001.260: inits 3
114.814  002.501: reading ShaDa
115.031  000.217: opening buffers
115.172  000.141: BufEnter autocommands
115.178  000.006: editing files in windows
124.699  009.259  009.259: sourcing /home/racso/.local/share/nvim/lazy/gruvbox-material/colors/gruvbox-material.vim
124.770  000.333: VimEnter autocommands
124.857  000.087: UIEnter autocommands
125.340  000.271  000.271: sourcing /usr/share/nvim/runtime/autoload/provider/clipboard.vim
125.351  000.223: before starting main loop
125.532  000.041  000.041: sourcing /home/racso/.local/share/nvim/lazy/nvim-treesitter/autoload/nvim_treesitter.vim
125.700  000.137  000.137: require('nvim-treesitter.fold')
126.160  000.630: first screen update
126.164  000.005: --- NVIM STARTED ---


times in msec
 clock   self+sourced   self:  sourced script
 clock   elapsed:              other lines

000.029  000.029: --- NVIM STARTING ---
000.372  000.343: event init
000.677  000.305: early init
000.817  000.140: locale set
000.935  000.119: init first window
001.648  000.713: inits 1
001.672  000.023: window checked
001.679  000.007: parsing arguments
002.798  000.127  000.127: require('vim.shared')
003.071  000.086  000.086: require('vim._options')
003.077  000.269  000.183: require('vim._editor')
003.082  000.517  000.121: require('vim._init_packages')
003.087  000.891: init lua interpreter
004.687  001.601: expanding arguments
004.791  000.104: inits 2
005.391  000.599: init highlight
